  [1m[36mActiveRecord::SchemaMigration Load (0.1ms)[0m  [1mSELECT "schema_migrations".* FROM "schema_migrations"[0m
  [1m[35mActiveRecord::SchemaMigration Load (0.1ms)[0m  SELECT "schema_migrations".* FROM "schema_migrations"
  [1m[36m (13.6ms)[0m  [1mDROP TABLE "reservations"[0m
  [1m[35m (15.4ms)[0m  CREATE TABLE "reservations" ("id" INTEGER PRIMARY KEY AUTOINCREMENT NOT NULL, "booking_date" date, "start_time" varchar(255), "end_time" varchar(255), "status" varchar(255), "room_id" integer, "user_id" integer) 
  [1m[36m (15.2ms)[0m  [1mCREATE INDEX "index_reservations_on_room_id" ON "reservations" ("room_id")[0m
  [1m[35m (14.8ms)[0m  CREATE INDEX "index_reservations_on_user_id" ON "reservations" ("user_id")
  [1m[36m (15.3ms)[0m  [1mDROP TABLE "rooms"[0m
  [1m[35m (12.3ms)[0m  CREATE TABLE "rooms" ("id" INTEGER PRIMARY KEY AUTOINCREMENT NOT NULL, "building" varchar(255), "number" varchar(255), "size" varchar(255), "created_at" datetime, "updated_at" datetime) 
  [1m[36m (14.9ms)[0m  [1mDROP TABLE "users"[0m
  [1m[35m (15.4ms)[0m  CREATE TABLE "users" ("id" INTEGER PRIMARY KEY AUTOINCREMENT NOT NULL, "name" varchar(255), "email" varchar(255), "password" varchar(255), "role" varchar(255), "created_at" datetime, "updated_at" datetime) 
  [1m[36m (0.1ms)[0m  [1mSELECT version FROM "schema_migrations"[0m
  [1m[35mActiveRecord::SchemaMigration Load (0.1ms)[0m  SELECT "schema_migrations".* FROM "schema_migrations"
  [1m[36m (0.1ms)[0m  [1mbegin transaction[0m
  [1m[35mSQL (1.6ms)[0m  INSERT INTO "rooms" ("building", "created_at", "number", "size", "updated_at") VALUES (?, ?, ?, ?, ?)  [["building", "hunt"], ["created_at", Wed, 28 Sep 2016 23:20:45 UTC +00:00], ["number", "1001"], ["size", "4"], ["updated_at", Wed, 28 Sep 2016 23:20:45 UTC +00:00]]
  [1m[36m (12.6ms)[0m  [1mcommit transaction[0m
  [1m[35m (0.0ms)[0m  begin transaction
  [1m[36mSQL (0.2ms)[0m  [1mINSERT INTO "rooms" ("building", "created_at", "number", "size", "updated_at") VALUES (?, ?, ?, ?, ?)[0m  [["building", "hunt"], ["created_at", Wed, 28 Sep 2016 23:20:46 UTC +00:00], ["number", "2001"], ["size", "6"], ["updated_at", Wed, 28 Sep 2016 23:20:46 UTC +00:00]]
  [1m[35m (15.1ms)[0m  commit transaction
  [1m[36m (0.1ms)[0m  [1mbegin transaction[0m
  [1m[35mSQL (0.2ms)[0m  INSERT INTO "rooms" ("building", "created_at", "number", "size", "updated_at") VALUES (?, ?, ?, ?, ?)  [["building", "hunt"], ["created_at", Wed, 28 Sep 2016 23:20:46 UTC +00:00], ["number", "3001"], ["size", "8"], ["updated_at", Wed, 28 Sep 2016 23:20:46 UTC +00:00]]
  [1m[36m (17.7ms)[0m  [1mcommit transaction[0m
  [1m[35m (0.1ms)[0m  begin transaction
  [1m[36mSQL (0.2ms)[0m  [1mINSERT INTO "rooms" ("building", "created_at", "number", "size", "updated_at") VALUES (?, ?, ?, ?, ?)[0m  [["building", "hill"], ["created_at", Wed, 28 Sep 2016 23:20:46 UTC +00:00], ["number", "1011"], ["size", "4"], ["updated_at", Wed, 28 Sep 2016 23:20:46 UTC +00:00]]
  [1m[35m (15.3ms)[0m  commit transaction
  [1m[36m (0.1ms)[0m  [1mbegin transaction[0m
  [1m[35mSQL (0.2ms)[0m  INSERT INTO "rooms" ("building", "created_at", "number", "size", "updated_at") VALUES (?, ?, ?, ?, ?)  [["building", "hill"], ["created_at", Wed, 28 Sep 2016 23:20:46 UTC +00:00], ["number", "2011"], ["size", "6"], ["updated_at", Wed, 28 Sep 2016 23:20:46 UTC +00:00]]
  [1m[36m (15.0ms)[0m  [1mcommit transaction[0m
  [1m[35m (0.1ms)[0m  begin transaction
  [1m[36mSQL (0.2ms)[0m  [1mINSERT INTO "rooms" ("building", "created_at", "number", "size", "updated_at") VALUES (?, ?, ?, ?, ?)[0m  [["building", "hill"], ["created_at", Wed, 28 Sep 2016 23:20:46 UTC +00:00], ["number", "3011"], ["size", "12"], ["updated_at", Wed, 28 Sep 2016 23:20:46 UTC +00:00]]
  [1m[35m (15.0ms)[0m  commit transaction
  [1m[36m (0.1ms)[0m  [1mbegin transaction[0m
  [1m[35mUser Exists (0.1ms)[0m  SELECT 1 AS one FROM "users" WHERE "users"."email" = 'vivek@gmail.com' LIMIT 1
  [1m[36mSQL (0.2ms)[0m  [1mINSERT INTO "users" ("created_at", "email", "name", "password", "role", "updated_at") VALUES (?, ?, ?, ?, ?, ?)[0m  [["created_at", Wed, 28 Sep 2016 23:20:46 UTC +00:00], ["email", "vivek@gmail.com"], ["name", "Vivek"], ["password", "a1b2"], ["role", "user"], ["updated_at", Wed, 28 Sep 2016 23:20:46 UTC +00:00]]
  [1m[35m (15.1ms)[0m  commit transaction
  [1m[36m (0.0ms)[0m  [1mbegin transaction[0m
  [1m[35mUser Exists (0.1ms)[0m  SELECT 1 AS one FROM "users" WHERE "users"."email" = 'shankar@gmail.com' LIMIT 1
  [1m[36mSQL (0.2ms)[0m  [1mINSERT INTO "users" ("created_at", "email", "name", "password", "role", "updated_at") VALUES (?, ?, ?, ?, ?, ?)[0m  [["created_at", Wed, 28 Sep 2016 23:20:46 UTC +00:00], ["email", "shankar@gmail.com"], ["name", "Shankar"], ["password", "a2b1"], ["role", "admin"], ["updated_at", Wed, 28 Sep 2016 23:20:46 UTC +00:00]]
  [1m[35m (17.8ms)[0m  commit transaction
  [1m[36m (0.0ms)[0m  [1mbegin transaction[0m
  [1m[35mUser Exists (0.1ms)[0m  SELECT 1 AS one FROM "users" WHERE "users"."email" = 'prathamesh@gmail.com' LIMIT 1
  [1m[36mSQL (0.2ms)[0m  [1mINSERT INTO "users" ("created_at", "email", "name", "password", "role", "updated_at") VALUES (?, ?, ?, ?, ?, ?)[0m  [["created_at", Wed, 28 Sep 2016 23:20:46 UTC +00:00], ["email", "prathamesh@gmail.com"], ["name", "Prathamesh"], ["password", "a3b1"], ["role", "user"], ["updated_at", Wed, 28 Sep 2016 23:20:46 UTC +00:00]]
  [1m[35m (15.3ms)[0m  commit transaction
  [1m[36m (0.1ms)[0m  [1mbegin transaction[0m
  [1m[35mSQL (0.2ms)[0m  INSERT INTO "reservations" ("booking_date", "end_time", "room_id", "start_time", "status", "user_id") VALUES (?, ?, ?, ?, ?, ?)  [["booking_date", Sat, 24 Sep 2016], ["end_time", "18"], ["room_id", 1], ["start_time", "17"], ["status", "booked"], ["user_id", 1]]
  [1m[36m (16.8ms)[0m  [1mcommit transaction[0m
  [1m[35m (0.1ms)[0m  begin transaction
  [1m[36mSQL (0.2ms)[0m  [1mINSERT INTO "reservations" ("booking_date", "end_time", "room_id", "start_time", "status", "user_id") VALUES (?, ?, ?, ?, ?, ?)[0m  [["booking_date", Sat, 24 Sep 2016], ["end_time", "14"], ["room_id", 2], ["start_time", "13"], ["status", "booked"], ["user_id", 2]]
  [1m[35m (13.6ms)[0m  commit transaction
  [1m[36m (0.1ms)[0m  [1mbegin transaction[0m
  [1m[35mSQL (0.2ms)[0m  INSERT INTO "reservations" ("booking_date", "end_time", "room_id", "start_time", "status", "user_id") VALUES (?, ?, ?, ?, ?, ?)  [["booking_date", Sat, 24 Sep 2016], ["end_time", "18"], ["room_id", 3], ["start_time", "17"], ["status", "released"], ["user_id", 1]]
  [1m[36m (15.7ms)[0m  [1mcommit transaction[0m
  [1m[35m (0.1ms)[0m  begin transaction
  [1m[36mSQL (0.2ms)[0m  [1mINSERT INTO "reservations" ("booking_date", "end_time", "room_id", "start_time", "status", "user_id") VALUES (?, ?, ?, ?, ?, ?)[0m  [["booking_date", Sat, 24 Sep 2016], ["end_time", "14"], ["room_id", 4], ["start_time", "13"], ["status", "booked"], ["user_id", 1]]
  [1m[35m (15.9ms)[0m  commit transaction
