I, [2016-09-17T20:34:18.963880 #4787]  INFO -- : Started GET "/" for 127.0.0.1 at 2016-09-17 20:34:18 -0400
I, [2016-09-17T20:34:18.968625 #4787]  INFO -- : Processing by CategoriesController#index as HTML
E, [2016-09-17T20:34:18.990146 #4787] ERROR -- : SQLite3::SQLException: no such table: categories: SELECT "categories".* FROM "categories"
I, [2016-09-17T20:34:18.990917 #4787]  INFO -- :   Rendered categories/index.html.erb within layouts/application (1.9ms)
I, [2016-09-17T20:34:18.991046 #4787]  INFO -- : Completed 500 Internal Server Error in 22ms
F, [2016-09-17T20:34:18.992551 #4787] FATAL -- : 
ActionView::Template::Error (SQLite3::SQLException: no such table: categories: SELECT "categories".* FROM "categories"):
    11:   </thead>
    12: 
    13:   <tbody>
    14:     <% @categories.each do |category| %>
    15:       <tr>
    16:         <td><%= category.name %></td>
    17:         <td><%= link_to 'Show', category %></td>
  app/views/categories/index.html.erb:14:in `_app_views_categories_index_html_erb___4212685590712788671_70282015652500'


I, [2016-09-17T20:34:21.813471 #4787]  INFO -- : Started GET "/" for 127.0.0.1 at 2016-09-17 20:34:21 -0400
I, [2016-09-17T20:34:21.814852 #4787]  INFO -- : Processing by CategoriesController#index as HTML
E, [2016-09-17T20:34:21.816024 #4787] ERROR -- : SQLite3::SQLException: no such table: categories: SELECT "categories".* FROM "categories"
I, [2016-09-17T20:34:21.816542 #4787]  INFO -- :   Rendered categories/index.html.erb within layouts/application (0.9ms)
I, [2016-09-17T20:34:21.816633 #4787]  INFO -- : Completed 500 Internal Server Error in 2ms
F, [2016-09-17T20:34:21.817906 #4787] FATAL -- : 
ActionView::Template::Error (SQLite3::SQLException: no such table: categories: SELECT "categories".* FROM "categories"):
    11:   </thead>
    12: 
    13:   <tbody>
    14:     <% @categories.each do |category| %>
    15:       <tr>
    16:         <td><%= category.name %></td>
    17:         <td><%= link_to 'Show', category %></td>
  app/views/categories/index.html.erb:14:in `_app_views_categories_index_html_erb___4212685590712788671_70282015652500'


